-- Found ament_cmake: 1.3.10 (/opt/ros/humble/share/ament_cmake/cmake)
-- Found ament_lint_auto: 0.12.11 (/opt/ros/humble/share/ament_lint_auto/cmake)
-- Added test 'cppcheck' to perform static code analysis on C / C++ code
-- Configured cppcheck include dirs: $<BUILD_INTERFACE:/home/rededge/workspace/Personal-code/CanCarController/CCC_ROS/src/can_solver/include>
-- Configured cppcheck exclude dirs and/or files: 
-- Added test 'lint_cmake' to check CMake code style
-- Added test 'uncrustify' to check C / C++ code style
-- Configured uncrustify additional arguments: 
-- Added test 'xmllint' to check XML markup files
-- Configuring done
-- Generating done
-- Build files have been written to: /home/rededge/workspace/Personal-code/CanCarController/CCC_ROS/build/can_solver
[ 50%] [32mBuilding CXX object CMakeFiles/mytest.dir/src/mytest.cpp.o[0m
[100%] [32m[1mLinking CXX executable mytest[0m
[100%] Built target mytest
-- Install configuration: ""
-- Installing: /home/rededge/workspace/Personal-code/CanCarController/CCC_ROS/install/can_solver/lib/can_solver/mytest
-- Installing: /home/rededge/workspace/Personal-code/CanCarController/CCC_ROS/install/can_solver/share/ament_index/resource_index/package_run_dependencies/can_solver
-- Installing: /home/rededge/workspace/Personal-code/CanCarController/CCC_ROS/install/can_solver/share/ament_index/resource_index/parent_prefix_path/can_solver
-- Installing: /home/rededge/workspace/Personal-code/CanCarController/CCC_ROS/install/can_solver/share/can_solver/environment/ament_prefix_path.sh
-- Installing: /home/rededge/workspace/Personal-code/CanCarController/CCC_ROS/install/can_solver/share/can_solver/environment/ament_prefix_path.dsv
-- Installing: /home/rededge/workspace/Personal-code/CanCarController/CCC_ROS/install/can_solver/share/can_solver/environment/path.sh
-- Installing: /home/rededge/workspace/Personal-code/CanCarController/CCC_ROS/install/can_solver/share/can_solver/environment/path.dsv
-- Installing: /home/rededge/workspace/Personal-code/CanCarController/CCC_ROS/install/can_solver/share/can_solver/local_setup.bash
-- Installing: /home/rededge/workspace/Personal-code/CanCarController/CCC_ROS/install/can_solver/share/can_solver/local_setup.sh
-- Installing: /home/rededge/workspace/Personal-code/CanCarController/CCC_ROS/install/can_solver/share/can_solver/local_setup.zsh
-- Installing: /home/rededge/workspace/Personal-code/CanCarController/CCC_ROS/install/can_solver/share/can_solver/local_setup.dsv
-- Installing: /home/rededge/workspace/Personal-code/CanCarController/CCC_ROS/install/can_solver/share/can_solver/package.dsv
-- Installing: /home/rededge/workspace/Personal-code/CanCarController/CCC_ROS/install/can_solver/share/ament_index/resource_index/packages/can_solver
-- Installing: /home/rededge/workspace/Personal-code/CanCarController/CCC_ROS/install/can_solver/share/can_solver/cmake/can_solverConfig.cmake
-- Installing: /home/rededge/workspace/Personal-code/CanCarController/CCC_ROS/install/can_solver/share/can_solver/cmake/can_solverConfig-version.cmake
-- Installing: /home/rededge/workspace/Personal-code/CanCarController/CCC_ROS/install/can_solver/share/can_solver/package.xml
