[0.014s] Invoking command in '/home/rededge/workspace/Personal-code/CanCarController/CCC_ROS/build/can_solver': CMAKE_PREFIX_PATH=/home/rededge/workspace/Personal-code/CanCarController/CCC_ROS/install/canSolver:/opt/ros/humble:/home/rededge/workspace/FAST_LIO/devel:/home/rededge/workspace/ws_livox/devel /usr/bin/cmake /home/rededge/workspace/Personal-code/CanCarController/CCC_ROS/src/can_solver -DCMAKE_INSTALL_PREFIX=/home/rededge/workspace/Personal-code/CanCarController/CCC_ROS/install/can_solver
[0.039s] -- Found ament_cmake: 1.3.10 (/opt/ros/humble/share/ament_cmake/cmake)
[0.244s] -- Found ament_lint_auto: 0.12.11 (/opt/ros/humble/share/ament_lint_auto/cmake)
[0.302s] -- Added test 'cppcheck' to perform static code analysis on C / C++ code
[0.302s] -- Configured cppcheck include dirs: $<BUILD_INTERFACE:/home/rededge/workspace/Personal-code/CanCarController/CCC_ROS/src/can_solver/include>
[0.302s] -- Configured cppcheck exclude dirs and/or files: 
[0.302s] -- Added test 'lint_cmake' to check CMake code style
[0.303s] -- Added test 'uncrustify' to check C / C++ code style
[0.303s] -- Configured uncrustify additional arguments: 
[0.303s] -- Added test 'xmllint' to check XML markup files
[0.304s] -- Configuring done
[0.308s] -- Generating done
[0.309s] -- Build files have been written to: /home/rededge/workspace/Personal-code/CanCarController/CCC_ROS/build/can_solver
[0.313s] Invoked command in '/home/rededge/workspace/Personal-code/CanCarController/CCC_ROS/build/can_solver' returned '0': CMAKE_PREFIX_PATH=/home/rededge/workspace/Personal-code/CanCarController/CCC_ROS/install/canSolver:/opt/ros/humble:/home/rededge/workspace/FAST_LIO/devel:/home/rededge/workspace/ws_livox/devel /usr/bin/cmake /home/rededge/workspace/Personal-code/CanCarController/CCC_ROS/src/can_solver -DCMAKE_INSTALL_PREFIX=/home/rededge/workspace/Personal-code/CanCarController/CCC_ROS/install/can_solver
[0.315s] Invoking command in '/home/rededge/workspace/Personal-code/CanCarController/CCC_ROS/build/can_solver': CMAKE_PREFIX_PATH=/home/rededge/workspace/Personal-code/CanCarController/CCC_ROS/install/canSolver:/opt/ros/humble:/home/rededge/workspace/FAST_LIO/devel:/home/rededge/workspace/ws_livox/devel /usr/bin/cmake --build /home/rededge/workspace/Personal-code/CanCarController/CCC_ROS/build/can_solver -- -j16 -l16
[0.394s] [ 50%] [32mBuilding CXX object CMakeFiles/mytest.dir/src/mytest.cpp.o[0m
[0.433s] [100%] [32m[1mLinking CXX executable mytest[0m
[0.513s] [100%] Built target mytest
[0.527s] Invoked command in '/home/rededge/workspace/Personal-code/CanCarController/CCC_ROS/build/can_solver' returned '0': CMAKE_PREFIX_PATH=/home/rededge/workspace/Personal-code/CanCarController/CCC_ROS/install/canSolver:/opt/ros/humble:/home/rededge/workspace/FAST_LIO/devel:/home/rededge/workspace/ws_livox/devel /usr/bin/cmake --build /home/rededge/workspace/Personal-code/CanCarController/CCC_ROS/build/can_solver -- -j16 -l16
[0.585s] Invoking command in '/home/rededge/workspace/Personal-code/CanCarController/CCC_ROS/build/can_solver': CMAKE_PREFIX_PATH=/home/rededge/workspace/Personal-code/CanCarController/CCC_ROS/install/canSolver:/opt/ros/humble:/home/rededge/workspace/FAST_LIO/devel:/home/rededge/workspace/ws_livox/devel /usr/bin/cmake --install /home/rededge/workspace/Personal-code/CanCarController/CCC_ROS/build/can_solver
[0.600s] -- Install configuration: ""
[0.601s] -- Installing: /home/rededge/workspace/Personal-code/CanCarController/CCC_ROS/install/can_solver/lib/can_solver/mytest
[0.601s] -- Installing: /home/rededge/workspace/Personal-code/CanCarController/CCC_ROS/install/can_solver/share/ament_index/resource_index/package_run_dependencies/can_solver
[0.602s] -- Installing: /home/rededge/workspace/Personal-code/CanCarController/CCC_ROS/install/can_solver/share/ament_index/resource_index/parent_prefix_path/can_solver
[0.602s] -- Installing: /home/rededge/workspace/Personal-code/CanCarController/CCC_ROS/install/can_solver/share/can_solver/environment/ament_prefix_path.sh
[0.602s] -- Installing: /home/rededge/workspace/Personal-code/CanCarController/CCC_ROS/install/can_solver/share/can_solver/environment/ament_prefix_path.dsv
[0.603s] -- Installing: /home/rededge/workspace/Personal-code/CanCarController/CCC_ROS/install/can_solver/share/can_solver/environment/path.sh
[0.603s] -- Installing: /home/rededge/workspace/Personal-code/CanCarController/CCC_ROS/install/can_solver/share/can_solver/environment/path.dsv
[0.603s] -- Installing: /home/rededge/workspace/Personal-code/CanCarController/CCC_ROS/install/can_solver/share/can_solver/local_setup.bash
[0.604s] -- Installing: /home/rededge/workspace/Personal-code/CanCarController/CCC_ROS/install/can_solver/share/can_solver/local_setup.sh
[0.604s] -- Installing: /home/rededge/workspace/Personal-code/CanCarController/CCC_ROS/install/can_solver/share/can_solver/local_setup.zsh
[0.604s] -- Installing: /home/rededge/workspace/Personal-code/CanCarController/CCC_ROS/install/can_solver/share/can_solver/local_setup.dsv
[0.604s] -- Installing: /home/rededge/workspace/Personal-code/CanCarController/CCC_ROS/install/can_solver/share/can_solver/package.dsv
[0.605s] -- Installing: /home/rededge/workspace/Personal-code/CanCarController/CCC_ROS/install/can_solver/share/ament_index/resource_index/packages/can_solver
[0.605s] -- Installing: /home/rededge/workspace/Personal-code/CanCarController/CCC_ROS/install/can_solver/share/can_solver/cmake/can_solverConfig.cmake
[0.605s] -- Installing: /home/rededge/workspace/Personal-code/CanCarController/CCC_ROS/install/can_solver/share/can_solver/cmake/can_solverConfig-version.cmake
[0.606s] -- Installing: /home/rededge/workspace/Personal-code/CanCarController/CCC_ROS/install/can_solver/share/can_solver/package.xml
[0.610s] Invoked command in '/home/rededge/workspace/Personal-code/CanCarController/CCC_ROS/build/can_solver' returned '0': CMAKE_PREFIX_PATH=/home/rededge/workspace/Personal-code/CanCarController/CCC_ROS/install/canSolver:/opt/ros/humble:/home/rededge/workspace/FAST_LIO/devel:/home/rededge/workspace/ws_livox/devel /usr/bin/cmake --install /home/rededge/workspace/Personal-code/CanCarController/CCC_ROS/build/can_solver
