[0.106s] DEBUG:colcon:Command line arguments: ['/usr/bin/colcon', 'build']
[0.106s] DEBUG:colcon:Parsed command line arguments: Namespace(log_base=None, log_level=None, verb_name='build', build_base='build', install_base='install', merge_install=False, symlink_install=False, test_result_base=None, continue_on_error=False, executor='parallel', parallel_workers=16, event_handlers=None, ignore_user_meta=False, metas=['./colcon.meta'], base_paths=['.'], packages_ignore=None, packages_ignore_regex=None, paths=None, packages_up_to=None, packages_up_to_regex=None, packages_above=None, packages_above_and_dependencies=None, packages_above_depth=None, packages_select_by_dep=None, packages_skip_by_dep=None, packages_skip_up_to=None, packages_select_build_failed=False, packages_skip_build_finished=False, packages_select_test_failures=False, packages_skip_test_passed=False, packages_select=None, packages_skip=None, packages_select_regex=None, packages_skip_regex=None, packages_start=None, packages_end=None, allow_overriding=[], cmake_args=None, cmake_target=None, cmake_target_skip_unavailable=False, cmake_clean_cache=False, cmake_clean_first=False, cmake_force_configure=False, ament_cmake_args=None, catkin_cmake_args=None, catkin_skip_building_tests=False, mixin_files=None, mixin=None, verb_parser=<colcon_mixin.mixin.mixin_argument.MixinArgumentDecorator object at 0x7f4a2e1d5300>, verb_extension=<colcon_core.verb.build.BuildVerb object at 0x7f4a2e1d4c70>, main=<bound method BuildVerb.main of <colcon_core.verb.build.BuildVerb object at 0x7f4a2e1d4c70>>, mixin_verb=('build',))
[0.241s] Level 1:colcon.colcon_core.package_discovery:discover_packages(colcon_meta) check parameters
[0.241s] Level 1:colcon.colcon_core.package_discovery:discover_packages(recursive) check parameters
[0.241s] Level 1:colcon.colcon_core.package_discovery:discover_packages(ignore) check parameters
[0.241s] Level 1:colcon.colcon_core.package_discovery:discover_packages(path) check parameters
[0.241s] Level 1:colcon.colcon_core.package_discovery:discover_packages(colcon_meta) discover
[0.241s] Level 1:colcon.colcon_core.package_discovery:discover_packages(recursive) discover
[0.242s] INFO:colcon.colcon_core.package_discovery:Crawling recursively for packages in '/home/rededge/workspace/Personal-code/CanCarController/CCC_ROS'
[0.242s] Level 1:colcon.colcon_core.package_identification:_identify(.) by extensions ['ignore', 'ignore_ament_install']
[0.242s] Level 1:colcon.colcon_core.package_identification:_identify(.) by extension 'ignore'
[0.242s] Level 1:colcon.colcon_core.package_identification:_identify(.) by extension 'ignore_ament_install'
[0.242s] Level 1:colcon.colcon_core.package_identification:_identify(.) by extensions ['colcon_pkg']
[0.242s] Level 1:colcon.colcon_core.package_identification:_identify(.) by extension 'colcon_pkg'
[0.242s] Level 1:colcon.colcon_core.package_identification:_identify(.) by extensions ['colcon_meta']
[0.242s] Level 1:colcon.colcon_core.package_identification:_identify(.) by extension 'colcon_meta'
[0.242s] Level 1:colcon.colcon_core.package_identification:_identify(.) by extensions ['ros']
[0.242s] Level 1:colcon.colcon_core.package_identification:_identify(.) by extension 'ros'
[0.250s] Level 1:colcon.colcon_core.package_identification:_identify(.) by extensions ['cmake', 'python']
[0.250s] Level 1:colcon.colcon_core.package_identification:_identify(.) by extension 'cmake'
[0.250s] Level 1:colcon.colcon_core.package_identification:_identify(.) by extension 'python'
[0.250s] Level 1:colcon.colcon_core.package_identification:_identify(.) by extensions ['python_setup_py']
[0.250s] Level 1:colcon.colcon_core.package_identification:_identify(.) by extension 'python_setup_py'
[0.250s] Level 1:colcon.colcon_core.package_identification:_identify(build) by extensions ['ignore', 'ignore_ament_install']
[0.250s] Level 1:colcon.colcon_core.package_identification:_identify(build) by extension 'ignore'
[0.250s] Level 1:colcon.colcon_core.package_identification:_identify(build) ignored
[0.251s] Level 1:colcon.colcon_core.package_identification:_identify(install) by extensions ['ignore', 'ignore_ament_install']
[0.251s] Level 1:colcon.colcon_core.package_identification:_identify(install) by extension 'ignore'
[0.251s] Level 1:colcon.colcon_core.package_identification:_identify(install) ignored
[0.251s] Level 1:colcon.colcon_core.package_identification:_identify(log) by extensions ['ignore', 'ignore_ament_install']
[0.251s] Level 1:colcon.colcon_core.package_identification:_identify(log) by extension 'ignore'
[0.251s] Level 1:colcon.colcon_core.package_identification:_identify(log) ignored
[0.251s] Level 1:colcon.colcon_core.package_identification:_identify(src) by extensions ['ignore', 'ignore_ament_install']
[0.251s] Level 1:colcon.colcon_core.package_identification:_identify(src) by extension 'ignore'
[0.251s] Level 1:colcon.colcon_core.package_identification:_identify(src) by extension 'ignore_ament_install'
[0.251s] Level 1:colcon.colcon_core.package_identification:_identify(src) by extensions ['colcon_pkg']
[0.251s] Level 1:colcon.colcon_core.package_identification:_identify(src) by extension 'colcon_pkg'
[0.251s] Level 1:colcon.colcon_core.package_identification:_identify(src) by extensions ['colcon_meta']
[0.251s] Level 1:colcon.colcon_core.package_identification:_identify(src) by extension 'colcon_meta'
[0.251s] Level 1:colcon.colcon_core.package_identification:_identify(src) by extensions ['ros']
[0.251s] Level 1:colcon.colcon_core.package_identification:_identify(src) by extension 'ros'
[0.251s] Level 1:colcon.colcon_core.package_identification:_identify(src) by extensions ['cmake', 'python']
[0.251s] Level 1:colcon.colcon_core.package_identification:_identify(src) by extension 'cmake'
[0.251s] Level 1:colcon.colcon_core.package_identification:_identify(src) by extension 'python'
[0.251s] Level 1:colcon.colcon_core.package_identification:_identify(src) by extensions ['python_setup_py']
[0.251s] Level 1:colcon.colcon_core.package_identification:_identify(src) by extension 'python_setup_py'
[0.251s] Level 1:colcon.colcon_core.package_identification:_identify(src/can_solver) by extensions ['ignore', 'ignore_ament_install']
[0.251s] Level 1:colcon.colcon_core.package_identification:_identify(src/can_solver) by extension 'ignore'
[0.251s] Level 1:colcon.colcon_core.package_identification:_identify(src/can_solver) by extension 'ignore_ament_install'
[0.252s] Level 1:colcon.colcon_core.package_identification:_identify(src/can_solver) by extensions ['colcon_pkg']
[0.252s] Level 1:colcon.colcon_core.package_identification:_identify(src/can_solver) by extension 'colcon_pkg'
[0.252s] Level 1:colcon.colcon_core.package_identification:_identify(src/can_solver) by extensions ['colcon_meta']
[0.252s] Level 1:colcon.colcon_core.package_identification:_identify(src/can_solver) by extension 'colcon_meta'
[0.252s] Level 1:colcon.colcon_core.package_identification:_identify(src/can_solver) by extensions ['ros']
[0.252s] Level 1:colcon.colcon_core.package_identification:_identify(src/can_solver) by extension 'ros'
[0.254s] DEBUG:colcon.colcon_core.package_identification:Package 'src/can_solver' with type 'ros.ament_cmake' and name 'can_solver'
[0.254s] Level 1:colcon.colcon_core.package_discovery:discover_packages(recursive) using defaults
[0.254s] Level 1:colcon.colcon_core.package_discovery:discover_packages(ignore) discover
[0.254s] Level 1:colcon.colcon_core.package_discovery:discover_packages(ignore) using defaults
[0.254s] Level 1:colcon.colcon_core.package_discovery:discover_packages(path) discover
[0.254s] Level 1:colcon.colcon_core.package_discovery:discover_packages(path) using defaults
[0.283s] Level 1:colcon.colcon_core.package_discovery:discover_packages(prefix_path) check parameters
[0.284s] Level 1:colcon.colcon_core.package_discovery:discover_packages(prefix_path) discover
[0.285s] DEBUG:colcon.colcon_installed_package_information.package_discovery:Found 1 installed packages in /home/rededge/workspace/Personal-code/CanCarController/CCC_ROS/install
[0.287s] DEBUG:colcon.colcon_installed_package_information.package_discovery:Found 322 installed packages in /opt/ros/humble
[0.288s] Level 1:colcon.colcon_core.package_discovery:discover_packages(prefix_path) using defaults
[0.321s] Level 5:colcon.colcon_core.verb:set package 'can_solver' build argument 'cmake_args' from command line to 'None'
[0.321s] Level 5:colcon.colcon_core.verb:set package 'can_solver' build argument 'cmake_target' from command line to 'None'
[0.321s] Level 5:colcon.colcon_core.verb:set package 'can_solver' build argument 'cmake_target_skip_unavailable' from command line to 'False'
[0.321s] Level 5:colcon.colcon_core.verb:set package 'can_solver' build argument 'cmake_clean_cache' from command line to 'False'
[0.321s] Level 5:colcon.colcon_core.verb:set package 'can_solver' build argument 'cmake_clean_first' from command line to 'False'
[0.321s] Level 5:colcon.colcon_core.verb:set package 'can_solver' build argument 'cmake_force_configure' from command line to 'False'
[0.321s] Level 5:colcon.colcon_core.verb:set package 'can_solver' build argument 'ament_cmake_args' from command line to 'None'
[0.321s] Level 5:colcon.colcon_core.verb:set package 'can_solver' build argument 'catkin_cmake_args' from command line to 'None'
[0.321s] Level 5:colcon.colcon_core.verb:set package 'can_solver' build argument 'catkin_skip_building_tests' from command line to 'False'
[0.321s] DEBUG:colcon.colcon_core.verb:Building package 'can_solver' with the following arguments: {'ament_cmake_args': None, 'build_base': '/home/rededge/workspace/Personal-code/CanCarController/CCC_ROS/build/can_solver', 'catkin_cmake_args': None, 'catkin_skip_building_tests': False, 'cmake_args': None, 'cmake_clean_cache': False, 'cmake_clean_first': False, 'cmake_force_configure': False, 'cmake_target': None, 'cmake_target_skip_unavailable': False, 'install_base': '/home/rededge/workspace/Personal-code/CanCarController/CCC_ROS/install/can_solver', 'merge_install': False, 'path': '/home/rededge/workspace/Personal-code/CanCarController/CCC_ROS/src/can_solver', 'symlink_install': False, 'test_result_base': None}
[0.321s] INFO:colcon.colcon_core.executor:Executing jobs using 'parallel' executor
[0.322s] DEBUG:colcon.colcon_parallel_executor.executor.parallel:run_until_complete
[0.323s] INFO:colcon.colcon_ros.task.ament_cmake.build:Building ROS package in '/home/rededge/workspace/Personal-code/CanCarController/CCC_ROS/src/can_solver' with build type 'ament_cmake'
[0.323s] INFO:colcon.colcon_cmake.task.cmake.build:Building CMake package in '/home/rededge/workspace/Personal-code/CanCarController/CCC_ROS/src/can_solver'
[0.325s] INFO:colcon.colcon_core.plugin_system:Skipping extension 'colcon_core.shell.bat': Not used on non-Windows systems
[0.326s] INFO:colcon.colcon_core.shell:Skip shell extension 'powershell' for command environment: Not usable outside of PowerShell
[0.326s] DEBUG:colcon.colcon_core.shell:Skip shell extension 'dsv' for command environment
[0.328s] DEBUG:colcon.colcon_core.shell:Ignoring prefix path '/home/rededge/workspace/FAST_LIO/devel'
[0.328s] DEBUG:colcon.colcon_core.shell:Ignoring prefix path '/home/rededge/workspace/ws_livox/devel'
[0.339s] DEBUG:colcon.colcon_core.event_handler.log_command:Invoking command in '/home/rededge/workspace/Personal-code/CanCarController/CCC_ROS/build/can_solver': CMAKE_PREFIX_PATH=/home/rededge/workspace/Personal-code/CanCarController/CCC_ROS/install/canSolver:/opt/ros/humble:/home/rededge/workspace/FAST_LIO/devel:/home/rededge/workspace/ws_livox/devel /usr/bin/cmake /home/rededge/workspace/Personal-code/CanCarController/CCC_ROS/src/can_solver -DCMAKE_INSTALL_PREFIX=/home/rededge/workspace/Personal-code/CanCarController/CCC_ROS/install/can_solver
[1.254s] DEBUG:colcon.colcon_core.event_handler.log_command:Invoked command in '/home/rededge/workspace/Personal-code/CanCarController/CCC_ROS/build/can_solver' returned '1': CMAKE_PREFIX_PATH=/home/rededge/workspace/Personal-code/CanCarController/CCC_ROS/install/canSolver:/opt/ros/humble:/home/rededge/workspace/FAST_LIO/devel:/home/rededge/workspace/ws_livox/devel /usr/bin/cmake /home/rededge/workspace/Personal-code/CanCarController/CCC_ROS/src/can_solver -DCMAKE_INSTALL_PREFIX=/home/rededge/workspace/Personal-code/CanCarController/CCC_ROS/install/can_solver
[1.281s] Level 1:colcon.colcon_core.environment:create_environment_scripts_only(can_solver)
[1.285s] Level 1:colcon.colcon_core.environment:checking '/home/rededge/workspace/Personal-code/CanCarController/CCC_ROS/install/can_solver' for CMake module files
[1.285s] Level 1:colcon.colcon_core.environment:checking '/home/rededge/workspace/Personal-code/CanCarController/CCC_ROS/install/can_solver' for CMake config files
[1.285s] Level 1:colcon.colcon_core.environment:checking '/home/rededge/workspace/Personal-code/CanCarController/CCC_ROS/install/can_solver/bin'
[1.285s] Level 1:colcon.colcon_core.environment:checking '/home/rededge/workspace/Personal-code/CanCarController/CCC_ROS/install/can_solver/lib/pkgconfig/can_solver.pc'
[1.286s] Level 1:colcon.colcon_core.environment:checking '/home/rededge/workspace/Personal-code/CanCarController/CCC_ROS/install/can_solver/lib/python3.10/site-packages'
[1.286s] Level 1:colcon.colcon_core.environment:checking '/home/rededge/workspace/Personal-code/CanCarController/CCC_ROS/install/can_solver/bin'
[1.286s] INFO:colcon.colcon_core.shell:Creating package script '/home/rededge/workspace/Personal-code/CanCarController/CCC_ROS/install/can_solver/share/can_solver/package.ps1'
[1.287s] INFO:colcon.colcon_core.shell:Creating package descriptor '/home/rededge/workspace/Personal-code/CanCarController/CCC_ROS/install/can_solver/share/can_solver/package.dsv'
[1.287s] INFO:colcon.colcon_core.shell:Creating package script '/home/rededge/workspace/Personal-code/CanCarController/CCC_ROS/install/can_solver/share/can_solver/package.sh'
[1.287s] INFO:colcon.colcon_core.shell:Creating package script '/home/rededge/workspace/Personal-code/CanCarController/CCC_ROS/install/can_solver/share/can_solver/package.bash'
[1.288s] INFO:colcon.colcon_core.shell:Creating package script '/home/rededge/workspace/Personal-code/CanCarController/CCC_ROS/install/can_solver/share/can_solver/package.zsh'
[1.288s] Level 1:colcon.colcon_core.environment:create_file_with_runtime_dependencies(/home/rededge/workspace/Personal-code/CanCarController/CCC_ROS/install/can_solver/share/colcon-core/packages/can_solver)
[1.299s] DEBUG:colcon.colcon_parallel_executor.executor.parallel:closing loop
[1.299s] DEBUG:colcon.colcon_parallel_executor.executor.parallel:loop closed
[1.299s] DEBUG:colcon.colcon_parallel_executor.executor.parallel:run_until_complete finished with '1'
[1.299s] DEBUG:colcon.colcon_core.event_reactor:joining thread
[1.317s] INFO:colcon.colcon_core.plugin_system:Skipping extension 'colcon_notification.desktop_notification.terminal_notifier': Not used on non-Darwin systems
[1.317s] INFO:colcon.colcon_core.plugin_system:Skipping extension 'colcon_notification.desktop_notification.win32': Not used on non-Windows systems
[1.317s] INFO:colcon.colcon_notification.desktop_notification:Sending desktop notification using 'notify2'
[1.327s] DEBUG:colcon.colcon_core.event_reactor:joined thread
[1.328s] INFO:colcon.colcon_core.shell:Creating prefix script '/home/rededge/workspace/Personal-code/CanCarController/CCC_ROS/install/local_setup.ps1'
[1.329s] INFO:colcon.colcon_core.shell:Creating prefix util module '/home/rededge/workspace/Personal-code/CanCarController/CCC_ROS/install/_local_setup_util_ps1.py'
[1.330s] INFO:colcon.colcon_core.shell:Creating prefix chain script '/home/rededge/workspace/Personal-code/CanCarController/CCC_ROS/install/setup.ps1'
[1.331s] INFO:colcon.colcon_core.shell:Creating prefix script '/home/rededge/workspace/Personal-code/CanCarController/CCC_ROS/install/local_setup.sh'
[1.331s] INFO:colcon.colcon_core.shell:Creating prefix util module '/home/rededge/workspace/Personal-code/CanCarController/CCC_ROS/install/_local_setup_util_sh.py'
[1.332s] INFO:colcon.colcon_core.shell:Creating prefix chain script '/home/rededge/workspace/Personal-code/CanCarController/CCC_ROS/install/setup.sh'
[1.333s] INFO:colcon.colcon_core.shell:Creating prefix script '/home/rededge/workspace/Personal-code/CanCarController/CCC_ROS/install/local_setup.bash'
[1.333s] INFO:colcon.colcon_core.shell:Creating prefix chain script '/home/rededge/workspace/Personal-code/CanCarController/CCC_ROS/install/setup.bash'
[1.334s] INFO:colcon.colcon_core.shell:Creating prefix script '/home/rededge/workspace/Personal-code/CanCarController/CCC_ROS/install/local_setup.zsh'
[1.334s] INFO:colcon.colcon_core.shell:Creating prefix chain script '/home/rededge/workspace/Personal-code/CanCarController/CCC_ROS/install/setup.zsh'
